# JRE version: Java(TM) SE Runtime Environment (8.0_191-b12) (build 1.8.0_191-b12)
# Java VM: Java HotSpot(TM) 64-Bit Server VM (25.191-b12 mixed mode linux-amd64 compressed oops)
Heap:
 PSYoungGen      total 263168K, used 9204K [0x00000000d6b00000, 0x00000000e7500000, 0x0000000100000000)
  eden space 253952K, 0% used [0x00000000d6b00000,0x00000000d6b00000,0x00000000e6300000)
  from space 9216K, 99% used [0x00000000e6300000,0x00000000e6bfd2b0,0x00000000e6c00000)
  to   space 8704K, 0% used [0x00000000e6c80000,0x00000000e6c80000,0x00000000e7500000)
 ParOldGen       total 44544K, used 11071K [0x0000000084000000, 0x0000000086b80000, 0x00000000d6b00000)
  object space 44544K, 24% used [0x0000000084000000,0x0000000084acfd20,0x0000000086b80000)
 Metaspace       used 27140K, capacity 28512K, committed 28668K, reserved 1073152K
  class space    used 3692K, capacity 4001K, committed 4096K, reserved 1048576K
GC Heap History (10 events):
Event: 2.986 GC heap after
Heap after GC invocations=3 (full 0):
 PSYoungGen      total 68608K, used 5098K [0x00000000d6b00000, 0x00000000df100000, 0x0000000100000000)
  eden space 63488K, 0% used [0x00000000d6b00000,0x00000000d6b00000,0x00000000da900000)
  from space 5120K, 99% used [0x00000000da900000,0x00000000dadfa910,0x00000000dae00000)
  to   space 5120K, 0% used [0x00000000dec00000,0x00000000dec00000,0x00000000df100000)
 ParOldGen       total 84992K, used 1526K [0x0000000084000000, 0x0000000089300000, 0x00000000d6b00000)
  object space 84992K, 1% used [0x0000000084000000,0x000000008417da00,0x0000000089300000)
 Metaspace       used 14495K, capacity 14980K, committed 15104K, reserved 1062912K
  class space    used 1819K, capacity 1946K, committed 2048K, reserved 1048576K
}
Event: 3.963 GC heap before
{Heap before GC invocations=4 (full 0):
 PSYoungGen      total 68608K, used 68586K [0x00000000d6b00000, 0x00000000df100000, 0x0000000100000000)
  eden space 63488K, 100% used [0x00000000d6b00000,0x00000000da900000,0x00000000da900000)
  from space 5120K, 99% used [0x00000000da900000,0x00000000dadfa910,0x00000000dae00000)
  to   space 5120K, 0% used [0x00000000dec00000,0x00000000dec00000,0x00000000df100000)
 ParOldGen       total 84992K, used 1526K [0x0000000084000000, 0x0000000089300000, 0x00000000d6b00000)
  object space 84992K, 1% used [0x0000000084000000,0x000000008417da00,0x0000000089300000)
 Metaspace       used 18980K, capacity 19672K, committed 19968K, reserved 1067008K
  class space    used 2509K, capacity 2704K, committed 2816K, reserved 1048576K
Event: 3.970 GC heap after
Heap after GC invocations=4 (full 0):
 PSYoungGen      total 132096K, used 5098K [0x00000000d6b00000, 0x00000000df100000, 0x0000000100000000)
  eden space 126976K, 0% used [0x00000000d6b00000,0x00000000d6b00000,0x00000000de700000)
  from space 5120K, 99% used [0x00000000dec00000,0x00000000df0fa910,0x00000000df100000)
  to   space 5120K, 0% used [0x00000000de700000,0x00000000de700000,0x00000000dec00000)
 ParOldGen       total 84992K, used 5240K [0x0000000084000000, 0x0000000089300000, 0x00000000d6b00000)
  object space 84992K, 6% used [0x0000000084000000,0x000000008451e008,0x0000000089300000)
 Metaspace       used 18980K, capacity 19672K, committed 19968K, reserved 1067008K
  class space    used 2509K, capacity 2704K, committed 2816K, reserved 1048576K
}
Event: 4.078 GC heap before
{Heap before GC invocations=5 (full 0):
 PSYoungGen      total 132096K, used 25696K [0x00000000d6b00000, 0x00000000df100000, 0x0000000100000000)
  eden space 126976K, 16% used [0x00000000d6b00000,0x00000000d7f1d800,0x00000000de700000)
  from space 5120K, 99% used [0x00000000dec00000,0x00000000df0fa910,0x00000000df100000)
  to   space 5120K, 0% used [0x00000000de700000,0x00000000de700000,0x00000000dec00000)
 ParOldGen       total 84992K, used 5240K [0x0000000084000000, 0x0000000089300000, 0x00000000d6b00000)
  object space 84992K, 6% used [0x0000000084000000,0x000000008451e008,0x0000000089300000)
 Metaspace       used 20583K, capacity 21304K, committed 21376K, reserved 1067008K
  class space    used 2722K, capacity 2934K, committed 2944K, reserved 1048576K
Event: 4.085 GC heap after
Heap after GC invocations=5 (full 0):
 PSYoungGen      total 132096K, used 5114K [0x00000000d6b00000, 0x00000000e7600000, 0x0000000100000000)
  eden space 126976K, 0% used [0x00000000d6b00000,0x00000000d6b00000,0x00000000de700000)
  from space 5120K, 99% used [0x00000000de700000,0x00000000debfe920,0x00000000dec00000)
  to   space 9728K, 0% used [0x00000000e6c80000,0x00000000e6c80000,0x00000000e7600000)
 ParOldGen       total 84992K, used 6789K [0x0000000084000000, 0x0000000089300000, 0x00000000d6b00000)
  object space 84992K, 7% used [0x0000000084000000,0x00000000846a1778,0x0000000089300000)
 Metaspace       used 20583K, capacity 21304K, committed 21376K, reserved 1067008K
  class space    used 2722K, capacity 2934K, committed 2944K, reserved 1048576K
}
Event: 4.128 GC heap before
{Heap before GC invocations=6 (full 0):
 PSYoungGen      total 132096K, used 7855K [0x00000000d6b00000, 0x00000000e7600000, 0x0000000100000000)
  eden space 126976K, 2% used [0x00000000d6b00000,0x00000000d6dad5d8,0x00000000de700000)
  from space 5120K, 99% used [0x00000000de700000,0x00000000debfe920,0x00000000dec00000)
  to   space 9728K, 0% used [0x00000000e6c80000,0x00000000e6c80000,0x00000000e7600000)
 ParOldGen       total 84992K, used 6789K [0x0000000084000000, 0x0000000089300000, 0x00000000d6b00000)
  object space 84992K, 7% used [0x0000000084000000,0x00000000846a1778,0x0000000089300000)
 Metaspace       used 20842K, capacity 21510K, committed 21628K, reserved 1069056K
  class space    used 2752K, capacity 2937K, committed 2944K, reserved 1048576K
Event: 4.146 GC heap after
Heap after GC invocations=6 (full 0):
 PSYoungGen      total 262656K, used 5385K [0x00000000d6b00000, 0x00000000e7500000, 0x0000000100000000)
  eden space 253952K, 0% used [0x00000000d6b00000,0x00000000d6b00000,0x00000000e6300000)
  from space 8704K, 61% used [0x00000000e6c80000,0x00000000e71c2738,0x00000000e7500000)
  to   space 9216K, 0% used [0x00000000e6300000,0x00000000e6300000,0x00000000e6c00000)
 ParOldGen       total 84992K, used 6797K [0x0000000084000000, 0x0000000089300000, 0x00000000d6b00000)
  object space 84992K, 7% used [0x0000000084000000,0x00000000846a3778,0x0000000089300000)
 Metaspace       used 20842K, capacity 21510K, committed 21628K, reserved 1069056K
  class space    used 2752K, capacity 2937K, committed 2944K, reserved 1048576K
}
Event: 4.146 GC heap before
{Heap before GC invocations=7 (full 1):
 PSYoungGen      total 262656K, used 5385K [0x00000000d6b00000, 0x00000000e7500000, 0x0000000100000000)
  eden space 253952K, 0% used [0x00000000d6b00000,0x00000000d6b00000,0x00000000e6300000)
  from space 8704K, 61% used [0x00000000e6c80000,0x00000000e71c2738,0x00000000e7500000)
  to   space 9216K, 0% used [0x00000000e6300000,0x00000000e6300000,0x00000000e6c00000)
 ParOldGen       total 84992K, used 6797K [0x0000000084000000, 0x0000000089300000, 0x00000000d6b00000)
  object space 84992K, 7% used [0x0000000084000000,0x00000000846a3778,0x0000000089300000)
 Metaspace       used 20842K, capacity 21510K, committed 21628K, reserved 1069056K
  class space    used 2752K, capacity 2937K, committed 2944K, reserved 1048576K
Event: 4.192 GC heap after
Heap after GC invocations=7 (full 1):
 PSYoungGen      total 262656K, used 0K [0x00000000d6b00000, 0x00000000e7500000, 0x0000000100000000)
  eden space 253952K, 0% used [0x00000000d6b00000,0x00000000d6b00000,0x00000000e6300000)
  from space 8704K, 0% used [0x00000000e6c80000,0x00000000e6c80000,0x00000000e7500000)
  to   space 9216K, 0% used [0x00000000e6300000,0x00000000e6300000,0x00000000e6c00000)
 ParOldGen       total 44544K, used 5351K [0x0000000084000000, 0x0000000086b80000, 0x00000000d6b00000)
  object space 44544K, 12% used [0x0000000084000000,0x0000000084539d60,0x0000000086b80000)
 Metaspace       used 20842K, capacity 21510K, committed 21628K, reserved 1069056K
  class space    used 2752K, capacity 2937K, committed 2944K, reserved 1048576K
}
Event: 7.900 GC heap before
{Heap before GC invocations=8 (full 1):
 PSYoungGen      total 262656K, used 253952K [0x00000000d6b00000, 0x00000000e7500000, 0x0000000100000000)
  eden space 253952K, 100% used [0x00000000d6b00000,0x00000000e6300000,0x00000000e6300000)
  from space 8704K, 0% used [0x00000000e6c80000,0x00000000e6c80000,0x00000000e7500000)
  to   space 9216K, 0% used [0x00000000e6300000,0x00000000e6300000,0x00000000e6c00000)
 ParOldGen       total 44544K, used 5351K [0x0000000084000000, 0x0000000086b80000, 0x00000000d6b00000)
  object space 44544K, 12% used [0x0000000084000000,0x0000000084539d60,0x0000000086b80000)
 Metaspace       used 27140K, capacity 28512K, committed 28668K, reserved 1073152K
  class space    used 3692K, capacity 4001K, committed 4096K, reserved 1048576K

